<?xml version="1.0" encoding="UTF-8"?>
<!-- Generated by org.testng.reporters.JUnitReportReporter -->
<testsuite hostname="SHUBHAM" failures="0" tests="5" name="entrata.tests.HomePageTest" time="490.003" errors="0" timestamp="2024-02-16T14:59:46 IST" skipped="0">
  <testcase classname="entrata.tests.HomePageTest" name="validateWatchDemo_Without_Entering_Data_Inside_All_TestBox" time="104.918"/>
  <system-out/>
  <testcase classname="entrata.tests.HomePageTest" name="validateSolutionsTab" time="76.292"/>
  <system-out/>
  <testcase classname="entrata.tests.HomePageTest" name="validateResourcesLink" time="144.683"/>
  <system-out/>
  <testcase classname="entrata.tests.HomePageTest" name="validateWatchDemoLink" time="64.854"/>
  <system-out/>
  <testcase classname="entrata.tests.HomePageTest" name="validateProductTab" time="99.256"/>
  <system-out/>
</testsuite> <!-- entrata.tests.HomePageTest -->
