<?xml version="1.0" encoding="UTF-8"?>
<!-- Generated by org.testng.reporters.JUnitReportReporter -->
<testsuite hostname="SHUBHAM" failures="0" tests="1" name="entrata.tests.ProductPageTest" time="101.179" errors="0" timestamp="2024-02-16T15:02:10 IST" skipped="0">
  <testcase classname="entrata.tests.ProductPageTest" name="validateResidentPayLink" time="101.179"/>
  <system-out/>
</testsuite> <!-- entrata.tests.ProductPageTest -->
